<?xml version="1.0" encoding="UTF-8"?>
<testng-results skipped="0" failed="0" ignored="0" total="2" passed="2">
  <reporter-output>
  </reporter-output>
  <suite name="Suite" duration-ms="13269" started-at="2021-09-13T17:31:01 IST" finished-at="2021-09-13T17:31:14 IST">
    <groups>
    </groups>
    <test name="Test" duration-ms="13269" started-at="2021-09-13T17:31:01 IST" finished-at="2021-09-13T17:31:14 IST">
      <class name="com.ind.arise.AriseFramework1.AmazonProductTest">
        <test-method status="PASS" signature="TS001()[pri:0, instance:com.ind.arise.AriseFramework1.AmazonProductTest@7e2d773b]" name="TS001" duration-ms="7062" started-at="2021-09-13T17:31:06 IST" finished-at="2021-09-13T17:31:13 IST">
          <reporter-output>
          </reporter-output>
        </test-method> <!-- TS001 -->
        <test-method status="PASS" signature="tearDown()[pri:0, instance:com.ind.arise.AriseFramework1.AmazonProductTest@7e2d773b]" name="tearDown" is-config="true" duration-ms="444" started-at="2021-09-13T17:31:13 IST" finished-at="2021-09-13T17:31:14 IST">
          <reporter-output>
          </reporter-output>
        </test-method> <!-- tearDown -->
      </class> <!-- com.ind.arise.AriseFramework1.AmazonProductTest -->
      <class name="com.ind.arise.AriseFramework1.AmazonTitleTest">
        <test-method status="PASS" signature="TS002()[pri:0, instance:com.ind.arise.AriseFramework1.AmazonTitleTest@2a556333]" name="TS002" duration-ms="5227" started-at="2021-09-13T17:31:01 IST" finished-at="2021-09-13T17:31:06 IST">
          <reporter-output>
          </reporter-output>
        </test-method> <!-- TS002 -->
        <test-method status="PASS" signature="tearDown()[pri:0, instance:com.ind.arise.AriseFramework1.AmazonTitleTest@2a556333]" name="tearDown" is-config="true" duration-ms="472" started-at="2021-09-13T17:31:14 IST" finished-at="2021-09-13T17:31:14 IST">
          <reporter-output>
          </reporter-output>
        </test-method> <!-- tearDown -->
      </class> <!-- com.ind.arise.AriseFramework1.AmazonTitleTest -->
    </test> <!-- Test -->
  </suite> <!-- Suite -->
</testng-results>
